生成启动时间为 2018/5/20 17:43:10。
     1>项目“F:\GitHub\DNAAlgorithm\DNAAlgorithm\DNAAlgorithm.vcxproj”在节点 2 上(Build 个目标)。
     1>ClCompile:
         F:\VS2013\VS 2013\VC\bin\CL.exe /c /ZI /nologo /W3 /WX- /sdl /Od /Oy- /D WIN32 /D _DEBUG /D _CONSOLE /D _LIB /D _UNICODE /D UNICODE /Gm /EHsc /RTC1 /MDd /GS /fp:precise /Zc:wchar_t /Zc:forScope /Fo"Debug\\" /Fd"Debug\vc120.pdb" /Gd /TP /analyze- /errorReport:prompt main.cpp
         main.cpp
     1>f:\github\dnaalgorithm\dnaalgorithm\ops.h(99): warning C4018: “<”: 有符号/无符号不匹配
     1>f:\github\dnaalgorithm\dnaalgorithm\ops.h(104): warning C4018: “<”: 有符号/无符号不匹配
     1>f:\github\dnaalgorithm\dnaalgorithm\ops.h(112): warning C4018: “<”: 有符号/无符号不匹配
     1>f:\github\dnaalgorithm\dnaalgorithm\ops.h(117): warning C4018: “<”: 有符号/无符号不匹配
     1>f:\github\dnaalgorithm\dnaalgorithm\ops.h(154): warning C4018: “<”: 有符号/无符号不匹配
     1>f:\github\dnaalgorithm\dnaalgorithm\ops.h(163): warning C4018: “<”: 有符号/无符号不匹配
     1>f:\github\dnaalgorithm\dnaalgorithm\ops.h(207): warning C4018: “<”: 有符号/无符号不匹配
     1>f:\github\dnaalgorithm\dnaalgorithm\ops.h(427): warning C4018: “>”: 有符号/无符号不匹配
     1>f:\github\dnaalgorithm\dnaalgorithm\main.cpp(109): warning C4018: “<”: 有符号/无符号不匹配
     1>f:\github\dnaalgorithm\dnaalgorithm\main.cpp(139): warning C4018: “<”: 有符号/无符号不匹配
       Link:
         F:\VS2013\VS 2013\VC\bin\link.exe /ERRORREPORT:PROMPT /OUT:"F:\GitHub\DNAAlgorithm\Debug\DNAAlgorithm.exe" /INCREMENTAL /NOLOGO /MANIFEST /MANIFESTUAC:"level='asInvoker' uiAccess='false'" /manifest:embed /DEBUG /PDB:"F:\GitHub\DNAAlgorithm\Debug\DNAAlgorithm.pdb" /SUBSYSTEM:CONSOLE /TLBID:1 /DYNAMICBASE /NXCOMPAT /IMPLIB:"F:\GitHub\DNAAlgorithm\Debug\DNAAlgorithm.lib" /MACHINE:X86 Debug\main.obj
         DNAAlgorithm.vcxproj -> F:\GitHub\DNAAlgorithm\Debug\DNAAlgorithm.exe
     1>已完成生成项目“F:\GitHub\DNAAlgorithm\DNAAlgorithm\DNAAlgorithm.vcxproj”(Build 个目标)的操作。

生成成功。

已用时间 00:00:01.61
