生成启动时间为 2018/5/20 17:46:24。
     1>项目“F:\GitHub\DNAAlgorithm\DNAAlgorithm\DNAAlgorithm.vcxproj”在节点 2 上(Build 个目标)。
     1>ClCompile:
         F:\VS2013\VS 2013\VC\bin\CL.exe /c /Zi /nologo /W3 /WX- /sdl /O2 /Oi /Oy- /GL /D WIN32 /D NDEBUG /D _CONSOLE /D _LIB /D _UNICODE /D UNICODE /Gm- /EHsc /MD /GS /Gy /fp:precise /Zc:wchar_t /Zc:forScope /Fo"Release\\" /Fd"Release\vc120.pdb" /Gd /TP /analyze- /errorReport:prompt main.cpp
         main.cpp
     1>f:\github\dnaalgorithm\dnaalgorithm\Ops.h(99): warning C4018: “<”: 有符号/无符号不匹配
     1>f:\github\dnaalgorithm\dnaalgorithm\Ops.h(104): warning C4018: “<”: 有符号/无符号不匹配
     1>f:\github\dnaalgorithm\dnaalgorithm\Ops.h(112): warning C4018: “<”: 有符号/无符号不匹配
     1>f:\github\dnaalgorithm\dnaalgorithm\Ops.h(117): warning C4018: “<”: 有符号/无符号不匹配
     1>f:\github\dnaalgorithm\dnaalgorithm\Ops.h(154): warning C4018: “<”: 有符号/无符号不匹配
     1>f:\github\dnaalgorithm\dnaalgorithm\Ops.h(163): warning C4018: “<”: 有符号/无符号不匹配
     1>f:\github\dnaalgorithm\dnaalgorithm\Ops.h(207): warning C4018: “<”: 有符号/无符号不匹配
     1>f:\github\dnaalgorithm\dnaalgorithm\Ops.h(427): warning C4018: “>”: 有符号/无符号不匹配
     1>main.cpp(109): warning C4018: “<”: 有符号/无符号不匹配
     1>main.cpp(139): warning C4018: “<”: 有符号/无符号不匹配
       Link:
         F:\VS2013\VS 2013\VC\bin\link.exe /ERRORREPORT:PROMPT /OUT:"F:\GitHub\DNAAlgorithm\Release\DNAAlgorithm.exe" /INCREMENTAL:NO /NOLOGO /MANIFEST /MANIFESTUAC:"level='asInvoker' uiAccess='false'" /manifest:embed /DEBUG /PDB:"F:\GitHub\DNAAlgorithm\Release\DNAAlgorithm.pdb" /SUBSYSTEM:CONSOLE /OPT:REF /OPT:ICF /LTCG /TLBID:1 /DYNAMICBASE /NXCOMPAT /IMPLIB:"F:\GitHub\DNAAlgorithm\Release\DNAAlgorithm.lib" /MACHINE:X86 /SAFESEH Release\main.obj
         正在生成代码
         已完成代码的生成
         DNAAlgorithm.vcxproj -> F:\GitHub\DNAAlgorithm\Release\DNAAlgorithm.exe
     1>已完成生成项目“F:\GitHub\DNAAlgorithm\DNAAlgorithm\DNAAlgorithm.vcxproj”(Build 个目标)的操作。

生成成功。

已用时间 00:00:01.48
